0 info it worked if it ends with ok
1 verbose cli [ '/usr/local/bin/node',
1 verbose cli   '/usr/local/bin/npm',
1 verbose cli   'install',
1 verbose cli   '--save',
1 verbose cli   '-g',
1 verbose cli   'forever' ]
2 info using npm@1.4.28
3 info using node@v0.10.33
4 verbose cache add [ 'forever', null ]
5 verbose cache add name=undefined spec="forever" args=["forever",null]
6 verbose parsed url { protocol: null,
6 verbose parsed url   slashes: null,
6 verbose parsed url   auth: null,
6 verbose parsed url   host: null,
6 verbose parsed url   port: null,
6 verbose parsed url   hostname: null,
6 verbose parsed url   hash: null,
6 verbose parsed url   search: null,
6 verbose parsed url   query: null,
6 verbose parsed url   pathname: 'forever',
6 verbose parsed url   path: 'forever',
6 verbose parsed url   href: 'forever' }
7 silly lockFile e07f8c4a-forever forever
8 verbose lock forever /home/pi/.npm/e07f8c4a-forever.lock
9 silly lockFile e07f8c4a-forever forever
10 silly lockFile e07f8c4a-forever forever
11 verbose addNamed [ 'forever', '' ]
12 verbose addNamed [ null, '*' ]
13 silly lockFile 28ef027b-forever forever@
14 verbose lock forever@ /home/pi/.npm/28ef027b-forever.lock
15 silly addNameRange { name: 'forever', range: '*', hasData: false }
16 verbose request where is /forever
17 verbose request registry https://registry.npmjs.org/
18 verbose request id 1a2d1dfe3a77e50c
19 verbose url raw /forever
20 verbose url resolving [ 'https://registry.npmjs.org/', './forever' ]
21 verbose url resolved https://registry.npmjs.org/forever
22 verbose request where is https://registry.npmjs.org/forever
23 info trying registry request attempt 1 at 13:42:17
24 verbose etag "9AP1CTA4LOUD07CKWN6203VDH"
25 http GET https://registry.npmjs.org/forever
26 http 200 https://registry.npmjs.org/forever
27 silly registry.get cb [ 200,
27 silly registry.get   { date: 'Sat, 03 Jan 2015 16:42:19 GMT',
27 silly registry.get     server: 'CouchDB/1.5.0 (Erlang OTP/R16B03)',
27 silly registry.get     etag: '"UQTRAHZ42U7PNXLFM2NEVHOL"',
27 silly registry.get     'content-type': 'application/json',
27 silly registry.get     'cache-control': 'max-age=60',
27 silly registry.get     'content-length': '72726',
27 silly registry.get     'accept-ranges': 'bytes',
27 silly registry.get     via: '1.1 varnish',
27 silly registry.get     age: '49',
27 silly registry.get     'x-served-by': 'cache-jfk1034-JFK',
27 silly registry.get     'x-cache': 'HIT',
27 silly registry.get     'x-cache-hits': '2',
27 silly registry.get     'x-timer': 'S1420303339.410749,VS0,VE0',
27 silly registry.get     vary: 'Accept',
27 silly registry.get     'keep-alive': 'timeout=10, max=50',
27 silly registry.get     connection: 'Keep-Alive' } ]
28 silly addNameRange number 2 { name: 'forever', range: '*', hasData: true }
29 silly addNameRange versions [ 'forever',
29 silly addNameRange   [ '0.6.0',
29 silly addNameRange     '0.6.1',
29 silly addNameRange     '0.6.2',
29 silly addNameRange     '0.6.3',
29 silly addNameRange     '0.6.4',
29 silly addNameRange     '0.6.5',
29 silly addNameRange     '0.6.6',
29 silly addNameRange     '0.6.7',
29 silly addNameRange     '0.6.8',
29 silly addNameRange     '0.6.9',
29 silly addNameRange     '0.7.0',
29 silly addNameRange     '0.7.1',
29 silly addNameRange     '0.7.2',
29 silly addNameRange     '0.7.3',
29 silly addNameRange     '0.7.4',
29 silly addNameRange     '0.7.5',
29 silly addNameRange     '0.8.0',
29 silly addNameRange     '0.8.1',
29 silly addNameRange     '0.8.2',
29 silly addNameRange     '0.8.3',
29 silly addNameRange     '0.8.4',
29 silly addNameRange     '0.8.5',
29 silly addNameRange     '0.9.0',
29 silly addNameRange     '0.9.1',
29 silly addNameRange     '0.9.2',
29 silly addNameRange     '0.10.0',
29 silly addNameRange     '0.10.5',
29 silly addNameRange     '0.10.6',
29 silly addNameRange     '0.10.7',
29 silly addNameRange     '0.10.8',
29 silly addNameRange     '0.10.9',
29 silly addNameRange     '0.10.10',
29 silly addNameRange     '0.10.11',
29 silly addNameRange     '0.11.0',
29 silly addNameRange     '0.11.1',
29 silly addNameRange     '0.12.0',
29 silly addNameRange     '0.13.0',
29 silly addNameRange     '0.14.0' ] ]
30 verbose addNamed [ 'forever', '0.14.0' ]
31 verbose addNamed [ '0.14.0', '0.14.0' ]
32 silly lockFile 2671017a-forever-0-14-0 forever@0.14.0
33 verbose lock forever@0.14.0 /home/pi/.npm/2671017a-forever-0-14-0.lock
34 silly lockFile 03918a8a-s-org-forever-forever-0-14-0-tgz https://registry.npmjs.org/forever/-/forever-0.14.0.tgz
35 verbose lock https://registry.npmjs.org/forever/-/forever-0.14.0.tgz /home/pi/.npm/03918a8a-s-org-forever-forever-0-14-0-tgz.lock
36 verbose addRemoteTarball [ 'https://registry.npmjs.org/forever/-/forever-0.14.0.tgz',
36 verbose addRemoteTarball   '716cfd0eeed4a3aeff3d8497260b50b87008cd41' ]
37 info retry fetch attempt 1 at 13:42:21
38 verbose fetch to= /tmp/npm-11919-x91MvjEQ/registry.npmjs.org/forever/-/forever-0.14.0.tgz
39 http GET https://registry.npmjs.org/forever/-/forever-0.14.0.tgz
40 http 200 https://registry.npmjs.org/forever/-/forever-0.14.0.tgz
41 silly lockFile 03918a8a-s-org-forever-forever-0-14-0-tgz https://registry.npmjs.org/forever/-/forever-0.14.0.tgz
42 silly lockFile 03918a8a-s-org-forever-forever-0-14-0-tgz https://registry.npmjs.org/forever/-/forever-0.14.0.tgz
43 silly lockFile 2671017a-forever-0-14-0 forever@0.14.0
44 silly lockFile 2671017a-forever-0-14-0 forever@0.14.0
45 silly lockFile 28ef027b-forever forever@
46 silly lockFile 28ef027b-forever forever@
47 silly resolved [ { name: 'forever',
47 silly resolved     preferGlobal: 'true',
47 silly resolved     description: 'A simple CLI tool for ensuring that a given node script runs continuously (i.e. forever)',
47 silly resolved     version: '0.14.0',
47 silly resolved     author: { name: 'Charlie Robbins', email: 'charlie.robbins@gmail.com' },
47 silly resolved     maintainers: [ [Object], [Object], [Object], [Object], [Object] ],
47 silly resolved     repository: { type: 'git', url: 'http://github.com/nodejitsu/forever.git' },
47 silly resolved     keywords: [ 'cli', 'fault tolerant', 'sysadmin', 'tools' ],
47 silly resolved     dependencies:
47 silly resolved      { colors: '~0.6.2',
47 silly resolved        cliff: '~0.1.9',
47 silly resolved        flatiron: '~0.4.2',
47 silly resolved        'forever-monitor': '~1.5.1',
47 silly resolved        nconf: '~0.6.9',
47 silly resolved        nssocket: '~0.5.1',
47 silly resolved        optimist: '~0.6.0',
47 silly resolved        timespan: '~2.3.0',
47 silly resolved        utile: '~0.2.1',
47 silly resolved        winston: '~0.8.1' },
47 silly resolved     devDependencies:
47 silly resolved      { broadway: '~0.3.6',
47 silly resolved        eventemitter2: '0.4.x',
47 silly resolved        request: '2.x.x',
47 silly resolved        vows: '0.7.x' },
47 silly resolved     bin: { forever: './bin/forever' },
47 silly resolved     main: './lib/forever',
47 silly resolved     scripts: { test: 'vows test/**/*-test.js --spec -i' },
47 silly resolved     engines: { node: '>= 0.8.x' },
47 silly resolved     gitHead: '477c460e55d30912c7049a65d6d71431fab05170',
47 silly resolved     bugs: { url: 'https://github.com/nodejitsu/forever/issues' },
47 silly resolved     homepage: 'https://github.com/nodejitsu/forever',
47 silly resolved     _id: 'forever@0.14.0',
47 silly resolved     _shasum: '716cfd0eeed4a3aeff3d8497260b50b87008cd41',
47 silly resolved     _from: 'forever@',
47 silly resolved     _npmVersion: '1.4.28',
47 silly resolved     _npmUser: { name: 'indexzero', email: 'charlie.robbins@gmail.com' },
47 silly resolved     dist:
47 silly resolved      { shasum: '716cfd0eeed4a3aeff3d8497260b50b87008cd41',
47 silly resolved        tarball: 'http://registry.npmjs.org/forever/-/forever-0.14.0.tgz' },
47 silly resolved     directories: {},
47 silly resolved     _resolved: 'https://registry.npmjs.org/forever/-/forever-0.14.0.tgz' } ]
48 info install forever@0.14.0 into /usr/local/lib
49 info installOne forever@0.14.0
50 verbose lib/node_modules/forever unbuild
51 verbose tar unpack /home/pi/.npm/forever/0.14.0/package.tgz
52 silly lockFile 5fd21e72-r-local-lib-node-modules-forever tar:///usr/local/lib/node_modules/forever
53 verbose lock tar:///usr/local/lib/node_modules/forever /home/pi/.npm/5fd21e72-r-local-lib-node-modules-forever.lock
54 silly lockFile d603f8ff-i-npm-forever-0-14-0-package-tgz tar:///home/pi/.npm/forever/0.14.0/package.tgz
55 verbose lock tar:///home/pi/.npm/forever/0.14.0/package.tgz /home/pi/.npm/d603f8ff-i-npm-forever-0-14-0-package-tgz.lock
56 silly gunzTarPerm modes [ '755', '644' ]
57 error Error: EACCES, mkdir '/usr/local/lib/node_modules/forever'
57 error  { [Error: EACCES, mkdir '/usr/local/lib/node_modules/forever']
57 error   errno: 3,
57 error   code: 'EACCES',
57 error   path: '/usr/local/lib/node_modules/forever',
57 error   fstream_type: 'Directory',
57 error   fstream_path: '/usr/local/lib/node_modules/forever',
57 error   fstream_class: 'DirWriter',
57 error   fstream_stack:
57 error    [ '/usr/local/lib/node_modules/npm/node_modules/fstream/lib/dir-writer.js:36:23',
57 error      '/usr/local/lib/node_modules/npm/node_modules/mkdirp/index.js:46:53',
57 error      'Object.oncomplete (fs.js:107:15)' ] }
58 error Please try running this command again as root/Administrator.
59 error System Linux 3.12.28+
60 error command "/usr/local/bin/node" "/usr/local/bin/npm" "install" "--save" "-g" "forever"
61 error cwd /home/pi/code/foreverstreamer
62 error node -v v0.10.33
63 error npm -v 1.4.28
64 error path /usr/local/lib/node_modules/forever
65 error fstream_path /usr/local/lib/node_modules/forever
66 error fstream_type Directory
67 error fstream_class DirWriter
68 error code EACCES
69 error errno 3
70 error stack Error: EACCES, mkdir '/usr/local/lib/node_modules/forever'
71 error fstream_stack /usr/local/lib/node_modules/npm/node_modules/fstream/lib/dir-writer.js:36:23
71 error fstream_stack /usr/local/lib/node_modules/npm/node_modules/mkdirp/index.js:46:53
71 error fstream_stack Object.oncomplete (fs.js:107:15)
72 verbose exit [ 3, true ]
